{
  "0 debug pnpm:scope": {
    "selected": 1,
    "workspacePrefix": "F:\\ivy-ui"
  },
  "1 error pnpm": {
    "errno": 1,
    "code": "ELIFECYCLE",
    "pkgid": "ivy@1.0.0",
    "stage": "bootstrap",
    "script": "lerna bootstrap",
    "pkgname": "ivy",
    "err": {
      "name": "pnpm",
      "message": "ivy@1.0.0 bootstrap: `lerna bootstrap`\nExit status 1",
      "code": "ELIFECYCLE",
      "stack": "pnpm: ivy@1.0.0 bootstrap: `lerna bootstrap`\nExit status 1\n    at EventEmitter.<anonymous> (D:\\scoop\\persist\\nodejs-lts\\bin\\node_modules\\pnpm\\dist\\pnpm.cjs:105724:20)\n    at EventEmitter.emit (node:events:520:28)\n    at ChildProcess.<anonymous> (D:\\scoop\\persist\\nodejs-lts\\bin\\node_modules\\pnpm\\dist\\pnpm.cjs:92285:18)\n    at ChildProcess.emit (node:events:520:28)\n    at maybeClose (node:internal/child_process:1092:16)\n    at Process.ChildProcess._handle.onexit (node:internal/child_process:302:5)"
    }
  },
  "2 warn pnpm:global": " Local package.json exists, but node_modules missing, did you mean to install?"
}